2023-09-27 02:32:29.068 [info] Starting TS Server undefined
2023-09-27 02:32:29.068 [info] Using tsserver from: /root/.vscode-server/bin/6509174151d557a81c9d0b5f8a5a1e9274db5585/extensions/node_modules/typescript/lib/tsserver.js undefined
2023-09-27 02:32:29.068 [info] <syntax> Forking...
2023-09-27 02:32:29.068 [info] <syntax> Starting...
2023-09-27 02:32:29.068 [info] <semantic> Forking...
2023-09-27 02:32:29.068 [info] <semantic> Starting...
2023-09-27 03:50:53.257 [error] TSServer exited. Code: null. Signal: SIGKILL
2023-09-27 03:50:53.264 [info] Starting TS Server undefined
2023-09-27 03:50:53.264 [info] Using tsserver from: /root/.vscode-server/bin/6509174151d557a81c9d0b5f8a5a1e9274db5585/extensions/node_modules/typescript/lib/tsserver.js undefined
2023-09-27 03:50:53.264 [info] <syntax> Forking...
2023-09-27 03:50:53.264 [info] <syntax> Starting...
2023-09-27 03:50:53.264 [info] <semantic> Forking...
2023-09-27 03:50:53.264 [info] <semantic> Starting...
2023-09-27 04:01:23.361 [error] TSServer exited. Code: null. Signal: SIGKILL
2023-09-27 04:01:23.365 [info] Starting TS Server undefined
2023-09-27 04:01:23.365 [info] Using tsserver from: /root/.vscode-server/bin/6509174151d557a81c9d0b5f8a5a1e9274db5585/extensions/node_modules/typescript/lib/tsserver.js undefined
2023-09-27 04:01:23.366 [info] <syntax> Forking...
2023-09-27 04:01:23.366 [info] <syntax> Starting...
2023-09-27 04:01:23.366 [info] <semantic> Forking...
2023-09-27 04:01:23.366 [info] <semantic> Starting...
2023-09-27 04:43:56.817 [error] TSServer exited. Code: null. Signal: SIGKILL
2023-09-27 04:43:56.819 [info] Starting TS Server undefined
2023-09-27 04:43:56.819 [info] Using tsserver from: /root/.vscode-server/bin/6509174151d557a81c9d0b5f8a5a1e9274db5585/extensions/node_modules/typescript/lib/tsserver.js undefined
2023-09-27 04:43:56.819 [info] <syntax> Forking...
2023-09-27 04:43:56.819 [info] <syntax> Starting...
2023-09-27 04:43:56.819 [info] <semantic> Forking...
2023-09-27 04:43:56.819 [info] <semantic> Starting...
2023-09-27 04:54:32.483 [error] TSServer exited. Code: null. Signal: SIGKILL
2023-09-27 04:54:32.494 [info] Starting TS Server undefined
2023-09-27 04:54:32.494 [info] Using tsserver from: /root/.vscode-server/bin/6509174151d557a81c9d0b5f8a5a1e9274db5585/extensions/node_modules/typescript/lib/tsserver.js undefined
2023-09-27 04:54:32.494 [info] <syntax> Forking...
2023-09-27 04:54:32.494 [info] <syntax> Starting...
2023-09-27 04:54:32.494 [info] <semantic> Forking...
2023-09-27 04:54:32.494 [info] <semantic> Starting...
2023-09-27 05:06:55.993 [error] TSServer exited. Code: null. Signal: SIGKILL
2023-09-27 05:06:55.994 [info] Starting TS Server undefined
2023-09-27 05:06:55.994 [info] Using tsserver from: /root/.vscode-server/bin/6509174151d557a81c9d0b5f8a5a1e9274db5585/extensions/node_modules/typescript/lib/tsserver.js undefined
2023-09-27 05:06:55.994 [info] <syntax> Forking...
2023-09-27 05:06:55.994 [info] <syntax> Starting...
2023-09-27 05:06:55.994 [info] <semantic> Forking...
2023-09-27 05:06:55.994 [info] <semantic> Starting...
2023-09-27 05:27:06.670 [error] TSServer exited. Code: null. Signal: SIGKILL
2023-09-27 05:27:06.671 [info] Starting TS Server undefined
2023-09-27 05:27:06.671 [info] Using tsserver from: /root/.vscode-server/bin/6509174151d557a81c9d0b5f8a5a1e9274db5585/extensions/node_modules/typescript/lib/tsserver.js undefined
2023-09-27 05:27:06.671 [info] <syntax> Forking...
2023-09-27 05:27:06.671 [info] <syntax> Starting...
2023-09-27 05:27:06.671 [info] <semantic> Forking...
2023-09-27 05:27:06.671 [info] <semantic> Starting...
