2023-09-26 02:37:20.553 [info] Starting TS Server undefined
2023-09-26 02:37:20.553 [info] Using tsserver from: /root/.vscode-server/bin/6509174151d557a81c9d0b5f8a5a1e9274db5585/extensions/node_modules/typescript/lib/tsserver.js undefined
2023-09-26 02:37:20.553 [info] <syntax> Forking...
2023-09-26 02:37:20.553 [info] <syntax> Starting...
2023-09-26 02:37:20.553 [info] <semantic> Forking...
2023-09-26 02:37:20.553 [info] <semantic> Starting...
2023-09-26 03:04:39.905 [error] TSServer exited. Code: null. Signal: SIGKILL
2023-09-26 03:04:39.913 [info] Starting TS Server undefined
2023-09-26 03:04:39.914 [info] Using tsserver from: /root/.vscode-server/bin/6509174151d557a81c9d0b5f8a5a1e9274db5585/extensions/node_modules/typescript/lib/tsserver.js undefined
2023-09-26 03:04:39.914 [info] <syntax> Forking...
2023-09-26 03:04:39.914 [info] <syntax> Starting...
2023-09-26 03:04:39.914 [info] <semantic> Forking...
2023-09-26 03:04:39.914 [info] <semantic> Starting...
2023-09-26 03:07:17.301 [error] TSServer errored with error. A system error occurred (write EPIPE)
2023-09-26 03:07:17.371 [error] TSServer exited. Code: null. Signal: SIGKILL
2023-09-26 03:07:17.371 [info] Starting TS Server undefined
2023-09-26 03:07:17.371 [info] Using tsserver from: /root/.vscode-server/bin/6509174151d557a81c9d0b5f8a5a1e9274db5585/extensions/node_modules/typescript/lib/tsserver.js undefined
2023-09-26 03:07:17.371 [info] <syntax> Forking...
2023-09-26 03:07:17.371 [info] <syntax> Starting...
2023-09-26 03:07:17.371 [info] <semantic> Forking...
2023-09-26 03:07:17.371 [info] <semantic> Starting...
2023-09-26 03:23:33.297 [error] TSServer exited. Code: null. Signal: SIGKILL
2023-09-26 03:23:33.308 [info] Starting TS Server undefined
2023-09-26 03:23:33.308 [info] Using tsserver from: /root/.vscode-server/bin/6509174151d557a81c9d0b5f8a5a1e9274db5585/extensions/node_modules/typescript/lib/tsserver.js undefined
2023-09-26 03:23:33.308 [info] <syntax> Forking...
2023-09-26 03:23:33.308 [info] <syntax> Starting...
2023-09-26 03:23:33.308 [info] <semantic> Forking...
2023-09-26 03:23:33.308 [info] <semantic> Starting...
2023-09-26 03:31:52.913 [error] TSServer exited. Code: null. Signal: SIGKILL
2023-09-26 03:31:52.926 [info] Starting TS Server undefined
2023-09-26 03:31:52.926 [info] Using tsserver from: /root/.vscode-server/bin/6509174151d557a81c9d0b5f8a5a1e9274db5585/extensions/node_modules/typescript/lib/tsserver.js undefined
2023-09-26 03:31:52.926 [info] <syntax> Forking...
2023-09-26 03:31:52.926 [info] <syntax> Starting...
2023-09-26 03:31:52.926 [info] <semantic> Forking...
2023-09-26 03:31:52.926 [info] <semantic> Starting...
2023-09-26 04:02:02.519 [error] TSServer exited. Code: null. Signal: SIGTERM
2023-09-26 04:02:02.519 [info] Starting TS Server undefined
2023-09-26 04:02:02.519 [info] Not starting server: disposed undefined
